<?xml version="1.0" encoding="UTF-8"?>
<!-- Generated by org.testng.reporters.JUnitReportReporter -->
<testsuite hostname="LAPTOP-ANLS2VPG" failures="0" tests="3" name="testng.TestngExample1" time="0.016" errors="0" timestamp="2020-09-08T14:40:54 EDT" skipped="0">
  <testcase classname="testng.TestngExample1" name="logout" time="0.002"/>
  <system-out/>
  <testcase classname="testng.TestngExample1" name="addEmployee" time="0.012"/>
  <system-out/>
  <testcase classname="testng.TestngExample1" name="login" time="0.002"/>
  <system-out/>
</testsuite> <!-- testng.TestngExample1 -->
