<?xml version="1.0" encoding="UTF-8"?>
<!-- Generated by org.testng.reporters.JUnitReportReporter -->
<testsuite hostname="LAPTOP-ANLS2VPG" failures="0" tests="2" name="testng.groupclass" time="0.011" errors="0" timestamp="2020-05-12T16:59:45 EDT" skipped="0">
  <testcase classname="testng.groupclass" name="testCase3" time="0.001"/>
  <system-out/>
  <testcase classname="testng.groupclass" name="testCase2" time="0.010"/>
  <system-out/>
</testsuite> <!-- testng.groupclass -->
