<?xml version="1.0" encoding="UTF-8"?>
<!-- Generated by org.testng.reporters.JUnitReportReporter -->
<testsuite hostname="LAPTOP-ANLS2VPG" failures="0" tests="4" name="testng.dataprovider" time="0.010" errors="0" timestamp="2020-04-24T20:06:16 EDT" skipped="0">
  <testcase classname="testng.dataprovider" name="loginValidation" time="0.001"/>
  <system-out/>
  <testcase classname="testng.dataprovider" name="loginValidation" time="0.006"/>
  <system-out/>
  <testcase classname="testng.dataprovider" name="loginValidation" time="0.001"/>
  <system-out/>
  <testcase classname="testng.dataprovider" name="loginValidation" time="0.002"/>
  <system-out/>
</testsuite> <!-- testng.dataprovider -->
