<?xml version="1.0" encoding="UTF-8"?>
<!-- Generated by org.testng.reporters.JUnitReportReporter -->
<testsuite hostname="LAPTOP-ANLS2VPG" failures="0" tests="3" name="testng.BasicTestng" time="0.008" errors="0" timestamp="2020-04-24T16:35:44 EDT" skipped="0">
  <testcase classname="testng.BasicTestng" name="testcase1" time="0.005"/>
  <system-out/>
  <testcase classname="testng.BasicTestng" name="testcase2" time="0.001"/>
  <system-out/>
  <testcase classname="testng.BasicTestng" name="testcase3" time="0.002"/>
  <system-out/>
</testsuite> <!-- testng.BasicTestng -->
