<?xml version="1.0" encoding="UTF-8"?>
<!-- Generated by org.testng.reporters.JUnitReportReporter -->
<testsuite hostname="LAPTOP-ANLS2VPG" failures="0" tests="1" name="testng.parameterexample" time="0.009" errors="0" timestamp="2020-04-24T19:54:01 EDT" skipped="0">
  <testcase classname="testng.parameterexample" name="loginValidation" time="0.009"/>
  <system-out/>
</testsuite> <!-- testng.parameterexample -->
