<?xml version="1.0" encoding="UTF-8"?>
<!-- Generated by org.testng.reporters.JUnitReportReporter -->
<testsuite hostname="LAPTOP-ANLS2VPG" failures="0" tests="1" name="testng.NewTest" time="0.039" errors="0" timestamp="2020-04-24T11:38:56 EDT" skipped="0">
  <testcase classname="testng.NewTest" name="f" time="0.039"/>
  <system-out/>
</testsuite> <!-- testng.NewTest -->
